Started GET "/" for 127.0.0.1 at 2022-05-28 13:11:30 -0300
  [1m[35m (1.0ms)[0m  [1m[34mSELECT sqlite_version(*)[0m
Processing by Rails::WelcomeController#index as HTML
  Rendering /home/victor/.rvm/gems/ruby-2.7.0/gems/railties-7.0.3/lib/rails/templates/rails/welcome/index.html.erb
  Rendered /home/victor/.rvm/gems/ruby-2.7.0/gems/railties-7.0.3/lib/rails/templates/rails/welcome/index.html.erb (Duration: 1.4ms | Allocations: 674)
Completed 200 OK in 10ms (Views: 4.4ms | ActiveRecord: 0.0ms | Allocations: 6443)


  [1m[35m (0.3ms)[0m  [1m[34mSELECT sqlite_version(*)[0m
  [1m[35m (0.2ms)[0m  [1m[34mSELECT sqlite_version(*)[0m
  [1m[35m (6.0ms)[0m  [1m[35mCREATE TABLE "schema_migrations" ("version" varchar NOT NULL PRIMARY KEY)[0m
  [1m[35m (4.7ms)[0m  [1m[35mCREATE TABLE "ar_internal_metadata" ("key" varchar NOT NULL PRIMARY KEY, "value" varchar, "created_at" datetime(6) NOT NULL, "updated_at" datetime(6) NOT NULL)[0m
  [1m[36mActiveRecord::SchemaMigration Pluck (0.1ms)[0m  [1m[34mSELECT "schema_migrations"."version" FROM "schema_migrations" ORDER BY "schema_migrations"."version" ASC[0m
Migrating to CreatePlayers (20220528161201)
  [1m[36mTRANSACTION (0.0ms)[0m  [1m[36mbegin transaction[0m
  [1m[35m (0.2ms)[0m  [1m[35mCREATE TABLE "players" ("id" integer PRIMARY KEY AUTOINCREMENT NOT NULL, "name" varchar, "last_name" varchar, "created_at" datetime(6) NOT NULL, "updated_at" datetime(6) NOT NULL)[0m
  [1m[36mActiveRecord::SchemaMigration Create (0.1ms)[0m  [1m[32mINSERT INTO "schema_migrations" ("version") VALUES (?)[0m  [["version", "20220528161201"]]
  [1m[36mTRANSACTION (5.8ms)[0m  [1m[36mcommit transaction[0m
Migrating to CreateGames (20220528161837)
  [1m[36mTRANSACTION (0.0ms)[0m  [1m[36mbegin transaction[0m
  [1m[35m (0.2ms)[0m  [1m[35mCREATE TABLE "games" ("id" integer PRIMARY KEY AUTOINCREMENT NOT NULL, "game_token" varchar, "player1" integer, "player2" integer, "created_at" datetime(6) NOT NULL, "updated_at" datetime(6) NOT NULL)[0m
  [1m[36mActiveRecord::SchemaMigration Create (0.1ms)[0m  [1m[32mINSERT INTO "schema_migrations" ("version") VALUES (?)[0m  [["version", "20220528161837"]]
  [1m[36mTRANSACTION (6.2ms)[0m  [1m[36mcommit transaction[0m
  [1m[36mActiveRecord::InternalMetadata Load (0.3ms)[0m  [1m[34mSELECT "ar_internal_metadata".* FROM "ar_internal_metadata" WHERE "ar_internal_metadata"."key" = ? LIMIT ?[0m  [["key", "environment"], ["LIMIT", 1]]
  [1m[36mTRANSACTION (0.1ms)[0m  [1m[36mbegin transaction[0m
  [1m[36mActiveRecord::InternalMetadata Create (0.4ms)[0m  [1m[32mINSERT INTO "ar_internal_metadata" ("key", "value", "created_at", "updated_at") VALUES (?, ?, ?, ?)[0m  [["key", "environment"], ["value", "development"], ["created_at", "2022-05-28 16:32:33.768075"], ["updated_at", "2022-05-28 16:32:33.768075"]]
  [1m[36mTRANSACTION (4.6ms)[0m  [1m[36mcommit transaction[0m
  [1m[35m (0.1ms)[0m  [1m[34mSELECT sqlite_version(*)[0m
  [1m[36mActiveRecord::SchemaMigration Pluck (0.1ms)[0m  [1m[34mSELECT "schema_migrations"."version" FROM "schema_migrations" ORDER BY "schema_migrations"."version" ASC[0m
Started OPTIONS "/player/" for 127.0.0.1 at 2022-05-28 13:36:30 -0300
  [1m[35m (0.5ms)[0m  [1m[34mSELECT sqlite_version(*)[0m
  [1m[36mActiveRecord::SchemaMigration Pluck (0.1ms)[0m  [1m[34mSELECT "schema_migrations"."version" FROM "schema_migrations" ORDER BY "schema_migrations"."version" ASC[0m
  
ActionController::RoutingError (No route matches [OPTIONS] "/player"):
  
Started OPTIONS "/players/" for 127.0.0.1 at 2022-05-28 13:38:01 -0300
  
ActionController::RoutingError (No route matches [OPTIONS] "/players"):
  
Started POST "/players/?name=Victor&last_name=Sanhueza" for ::1 at 2022-05-28 13:39:25 -0300
  
ActionController::RoutingError (uninitialized constant PlayersController
Did you mean?  PlayerController):
  
Started POST "/players/?name=Victor&last_name=Sanhueza" for ::1 at 2022-05-28 13:41:47 -0300
  [1m[35m (0.3ms)[0m  [1m[34mSELECT sqlite_version(*)[0m
  [1m[36mActiveRecord::SchemaMigration Pluck (0.1ms)[0m  [1m[34mSELECT "schema_migrations"."version" FROM "schema_migrations" ORDER BY "schema_migrations"."version" ASC[0m
Processing by PlayersController#create as */*
  Parameters: {"name"=>"Victor", "last_name"=>"Sanhueza"}
Can't verify CSRF token authenticity.
Completed 422 Unprocessable Entity in 0ms (ActiveRecord: 0.0ms | Allocations: 496)


  
ActionController::InvalidAuthenticityToken (Can't verify CSRF token authenticity.):
  
actionpack (7.0.3) lib/action_controller/metal/request_forgery_protection.rb:251:in `handle_unverified_request'
actionpack (7.0.3) lib/action_controller/metal/request_forgery_protection.rb:284:in `handle_unverified_request'
actionpack (7.0.3) lib/action_controller/metal/request_forgery_protection.rb:273:in `verify_authenticity_token'
activesupport (7.0.3) lib/active_support/callbacks.rb:400:in `block in make_lambda'
activesupport (7.0.3) lib/active_support/callbacks.rb:199:in `block (2 levels) in halting'
actionpack (7.0.3) lib/abstract_controller/callbacks.rb:34:in `block (2 levels) in <module:Callbacks>'
activesupport (7.0.3) lib/active_support/callbacks.rb:200:in `block in halting'
activesupport (7.0.3) lib/active_support/callbacks.rb:595:in `block in invoke_before'
activesupport (7.0.3) lib/active_support/callbacks.rb:595:in `each'
activesupport (7.0.3) lib/active_support/callbacks.rb:595:in `invoke_before'
activesupport (7.0.3) lib/active_support/callbacks.rb:116:in `block in run_callbacks'
activesupport (7.0.3) lib/active_support/callbacks.rb:138:in `run_callbacks'
actionpack (7.0.3) lib/abstract_controller/callbacks.rb:233:in `process_action'
actionpack (7.0.3) lib/action_controller/metal/rescue.rb:22:in `process_action'
actionpack (7.0.3) lib/action_controller/metal/instrumentation.rb:67:in `block in process_action'
activesupport (7.0.3) lib/active_support/notifications.rb:206:in `block in instrument'
activesupport (7.0.3) lib/active_support/notifications/instrumenter.rb:24:in `instrument'
activesupport (7.0.3) lib/active_support/notifications.rb:206:in `instrument'
actionpack (7.0.3) lib/action_controller/metal/instrumentation.rb:66:in `process_action'
actionpack (7.0.3) lib/action_controller/metal/params_wrapper.rb:259:in `process_action'
activerecord (7.0.3) lib/active_record/railties/controller_runtime.rb:27:in `process_action'
actionpack (7.0.3) lib/abstract_controller/base.rb:151:in `process'
actionview (7.0.3) lib/action_view/rendering.rb:39:in `process'
actionpack (7.0.3) lib/action_controller/metal.rb:188:in `dispatch'
actionpack (7.0.3) lib/action_controller/metal.rb:251:in `dispatch'
actionpack (7.0.3) lib/action_dispatch/routing/route_set.rb:49:in `dispatch'
actionpack (7.0.3) lib/action_dispatch/routing/route_set.rb:32:in `serve'
actionpack (7.0.3) lib/action_dispatch/journey/router.rb:50:in `block in serve'
actionpack (7.0.3) lib/action_dispatch/journey/router.rb:32:in `each'
actionpack (7.0.3) lib/action_dispatch/journey/router.rb:32:in `serve'
actionpack (7.0.3) lib/action_dispatch/routing/route_set.rb:852:in `call'
rack (2.2.3.1) lib/rack/tempfile_reaper.rb:15:in `call'
rack (2.2.3.1) lib/rack/etag.rb:27:in `call'
rack (2.2.3.1) lib/rack/conditional_get.rb:40:in `call'
rack (2.2.3.1) lib/rack/head.rb:12:in `call'
actionpack (7.0.3) lib/action_dispatch/http/permissions_policy.rb:38:in `call'
actionpack (7.0.3) lib/action_dispatch/http/content_security_policy.rb:36:in `call'
rack (2.2.3.1) lib/rack/session/abstract/id.rb:266:in `context'
rack (2.2.3.1) lib/rack/session/abstract/id.rb:260:in `call'
actionpack (7.0.3) lib/action_dispatch/middleware/cookies.rb:697:in `call'
activerecord (7.0.3) lib/active_record/migration.rb:603:in `call'
actionpack (7.0.3) lib/action_dispatch/middleware/callbacks.rb:27:in `block in call'
activesupport (7.0.3) lib/active_support/callbacks.rb:99:in `run_callbacks'
actionpack (7.0.3) lib/action_dispatch/middleware/callbacks.rb:26:in `call'
actionpack (7.0.3) lib/action_dispatch/middleware/executor.rb:14:in `call'
actionpack (7.0.3) lib/action_dispatch/middleware/actionable_exceptions.rb:17:in `call'
actionpack (7.0.3) lib/action_dispatch/middleware/debug_exceptions.rb:28:in `call'
web-console (4.2.0) lib/web_console/middleware.rb:132:in `call_app'
web-console (4.2.0) lib/web_console/middleware.rb:28:in `block in call'
web-console (4.2.0) lib/web_console/middleware.rb:17:in `catch'
web-console (4.2.0) lib/web_console/middleware.rb:17:in `call'
actionpack (7.0.3) lib/action_dispatch/middleware/show_exceptions.rb:26:in `call'
railties (7.0.3) lib/rails/rack/logger.rb:40:in `call_app'
railties (7.0.3) lib/rails/rack/logger.rb:25:in `block in call'
activesupport (7.0.3) lib/active_support/tagged_logging.rb:114:in `block in tagged'
activesupport (7.0.3) lib/active_support/tagged_logging.rb:38:in `tagged'
activesupport (7.0.3) lib/active_support/tagged_logging.rb:114:in `tagged'
railties (7.0.3) lib/rails/rack/logger.rb:25:in `call'
sprockets-rails (3.4.2) lib/sprockets/rails/quiet_assets.rb:13:in `call'
actionpack (7.0.3) lib/action_dispatch/middleware/remote_ip.rb:93:in `call'
actionpack (7.0.3) lib/action_dispatch/middleware/request_id.rb:26:in `call'
rack (2.2.3.1) lib/rack/method_override.rb:24:in `call'
rack (2.2.3.1) lib/rack/runtime.rb:22:in `call'
activesupport (7.0.3) lib/active_support/cache/strategy/local_cache_middleware.rb:29:in `call'
actionpack (7.0.3) lib/action_dispatch/middleware/server_timing.rb:20:in `call'
actionpack (7.0.3) lib/action_dispatch/middleware/executor.rb:14:in `call'
actionpack (7.0.3) lib/action_dispatch/middleware/static.rb:23:in `call'
rack (2.2.3.1) lib/rack/sendfile.rb:110:in `call'
actionpack (7.0.3) lib/action_dispatch/middleware/host_authorization.rb:137:in `call'
railties (7.0.3) lib/rails/engine.rb:530:in `call'
puma (5.6.4) lib/puma/configuration.rb:252:in `call'
puma (5.6.4) lib/puma/request.rb:77:in `block in handle_request'
puma (5.6.4) lib/puma/thread_pool.rb:340:in `with_force_shutdown'
puma (5.6.4) lib/puma/request.rb:76:in `handle_request'
puma (5.6.4) lib/puma/server.rb:441:in `process_client'
puma (5.6.4) lib/puma/thread_pool.rb:147:in `block in spawn_thread'
Started POST "/players/?name=Victor&last_name=Sanhueza" for ::1 at 2022-05-28 13:42:25 -0300
Processing by PlayersController#create as */*
  Parameters: {"name"=>"Victor", "last_name"=>"Sanhueza"}
  [1m[35m (0.0ms)[0m  [1m[34mSELECT sqlite_version(*)[0m
  ↳ app/controllers/players_controller.rb:4:in `create'
Completed 500 Internal Server Error in 36893ms (ActiveRecord: 0.9ms | Allocations: 128423)


  
NoMethodError (undefined method `save' for nil:NilClass):
  
app/controllers/players_controller.rb:19:in `render_response'
app/controllers/players_controller.rb:5:in `create'
Started POST "/players/?name=Victor&last_name=Sanhueza" for ::1 at 2022-05-28 13:43:24 -0300
Processing by PlayersController#create as */*
  Parameters: {"name"=>"Victor", "last_name"=>"Sanhueza"}
  [1m[35m (0.1ms)[0m  [1m[34mSELECT sqlite_version(*)[0m
  ↳ app/controllers/players_controller.rb:4:in `create'
  [1m[36mTRANSACTION (0.0ms)[0m  [1m[36mbegin transaction[0m
  ↳ app/controllers/players_controller.rb:19:in `render_response'
  [1m[36mPlayer Create (0.2ms)[0m  [1m[32mINSERT INTO "players" ("name", "last_name", "created_at", "updated_at") VALUES (?, ?, ?, ?)[0m  [["name", "Victor"], ["last_name", "Sanhueza"], ["created_at", "2022-05-28 16:43:28.825668"], ["updated_at", "2022-05-28 16:43:28.825668"]]
  ↳ app/controllers/players_controller.rb:19:in `render_response'
  [1m[36mTRANSACTION (4.1ms)[0m  [1m[36mcommit transaction[0m
  ↳ app/controllers/players_controller.rb:19:in `render_response'
Completed 200 OK in 3804ms (Views: 0.3ms | ActiveRecord: 5.0ms | Allocations: 68037)


Started OPTIONS "/players/" for 127.0.0.1 at 2022-05-28 13:43:46 -0300
  
ActionController::RoutingError (No route matches [OPTIONS] "/players"):
  
Started OPTIONS "/players/" for 127.0.0.1 at 2022-05-28 13:44:14 -0300
  
ActionController::RoutingError (No route matches [OPTIONS] "/players"):
  
Started POST "/players/?name=Victor&last_name=Sanhueza" for ::1 at 2022-05-28 13:44:52 -0300
Processing by PlayersController#create as */*
  Parameters: {"name"=>"Victor", "last_name"=>"Sanhueza"}
  [1m[36mTRANSACTION (0.2ms)[0m  [1m[36mbegin transaction[0m
  ↳ app/controllers/players_controller.rb:19:in `render_response'
  [1m[36mPlayer Create (0.6ms)[0m  [1m[32mINSERT INTO "players" ("name", "last_name", "created_at", "updated_at") VALUES (?, ?, ?, ?)[0m  [["name", "Victor"], ["last_name", "Sanhueza"], ["created_at", "2022-05-28 16:45:03.017887"], ["updated_at", "2022-05-28 16:45:03.017887"]]
  ↳ app/controllers/players_controller.rb:19:in `render_response'
  [1m[36mTRANSACTION (5.1ms)[0m  [1m[36mcommit transaction[0m
  ↳ app/controllers/players_controller.rb:19:in `render_response'
Completed 200 OK in 10696ms (Views: 0.9ms | ActiveRecord: 5.8ms | Allocations: 61651)


Started OPTIONS "/players/" for 127.0.0.1 at 2022-05-28 13:45:14 -0300
  [1m[35m (0.6ms)[0m  [1m[34mSELECT sqlite_version(*)[0m
  [1m[36mActiveRecord::SchemaMigration Pluck (0.2ms)[0m  [1m[34mSELECT "schema_migrations"."version" FROM "schema_migrations" ORDER BY "schema_migrations"."version" ASC[0m
  
ActionController::RoutingError (No route matches [OPTIONS] "/players"):
  
Started OPTIONS "/players" for 127.0.0.1 at 2022-05-28 13:47:09 -0300
  [1m[35m (0.3ms)[0m  [1m[34mSELECT sqlite_version(*)[0m
  [1m[36mActiveRecord::SchemaMigration Pluck (0.1ms)[0m  [1m[34mSELECT "schema_migrations"."version" FROM "schema_migrations" ORDER BY "schema_migrations"."version" ASC[0m
  
ActionController::RoutingError (No route matches [OPTIONS] "/players"):
  
Started OPTIONS "/players" for 127.0.0.1 at 2022-05-28 13:47:54 -0300
  
ActionController::RoutingError (No route matches [OPTIONS] "/players"):
  
Started POST "/players" for 127.0.0.1 at 2022-05-28 13:55:26 -0300
  [1m[35m (0.4ms)[0m  [1m[34mSELECT sqlite_version(*)[0m
  [1m[36mActiveRecord::SchemaMigration Pluck (0.1ms)[0m  [1m[34mSELECT "schema_migrations"."version" FROM "schema_migrations" ORDER BY "schema_migrations"."version" ASC[0m
Processing by PlayersController#create as HTML
  Parameters: {"name"=>"James ", "last_name"=>"Hetfield", "player"=>{"name"=>"James ", "last_name"=>"Hetfield"}}
[31mUnpermitted parameter: :player. Context: { controller: PlayersController, action: create, request: #<ActionDispatch::Request:0x00007fce4c9b4e58>, params: {"name"=>"James ", "last_name"=>"Hetfield", "controller"=>"players", "action"=>"create", "player"=>{"name"=>"James ", "last_name"=>"Hetfield"}} }[0m
  [1m[36mTRANSACTION (0.1ms)[0m  [1m[36mbegin transaction[0m
  ↳ app/controllers/players_controller.rb:19:in `render_response'
  [1m[36mPlayer Create (0.2ms)[0m  [1m[32mINSERT INTO "players" ("name", "last_name", "created_at", "updated_at") VALUES (?, ?, ?, ?)[0m  [["name", "James "], ["last_name", "Hetfield"], ["created_at", "2022-05-28 16:57:05.590136"], ["updated_at", "2022-05-28 16:57:05.590136"]]
  ↳ app/controllers/players_controller.rb:19:in `render_response'
  [1m[36mTRANSACTION (3.6ms)[0m  [1m[36mcommit transaction[0m
  ↳ app/controllers/players_controller.rb:19:in `render_response'
Completed 200 OK in 98873ms (Views: 0.7ms | ActiveRecord: 4.9ms | Allocations: 112591)


Started POST "/players" for 127.0.0.1 at 2022-05-28 13:57:05 -0300
Processing by PlayersController#create as HTML
  Parameters: {"name"=>"James ", "last_name"=>"Hetfield", "player"=>{"name"=>"James ", "last_name"=>"Hetfield"}}
  [1m[36mPlayer Load (0.5ms)[0m  [1m[34mSELECT "players".* FROM "players"[0m
  ↳ app/controllers/players_controller.rb:3:in `create'
  [1m[36mCACHE Player Load (0.0ms)[0m  [1m[34mSELECT "players".* FROM "players"[0m
  ↳ app/controllers/players_controller.rb:3:in `create'
[31mUnpermitted parameter: :player. Context: { controller: PlayersController, action: create, request: #<ActionDispatch::Request:0x00007fce4ca76f58>, params: {"name"=>"James ", "last_name"=>"Hetfield", "controller"=>"players", "action"=>"create", "player"=>{"name"=>"James ", "last_name"=>"Hetfield"}} }[0m
  [1m[36mTRANSACTION (0.2ms)[0m  [1m[36mbegin transaction[0m
  ↳ app/controllers/players_controller.rb:19:in `render_response'
  [1m[36mPlayer Create (0.6ms)[0m  [1m[32mINSERT INTO "players" ("name", "last_name", "created_at", "updated_at") VALUES (?, ?, ?, ?)[0m  [["name", "James "], ["last_name", "Hetfield"], ["created_at", "2022-05-28 16:58:09.448262"], ["updated_at", "2022-05-28 16:58:09.448262"]]
  ↳ app/controllers/players_controller.rb:19:in `render_response'
  [1m[36mTRANSACTION (5.2ms)[0m  [1m[36mcommit transaction[0m
  ↳ app/controllers/players_controller.rb:19:in `render_response'
Completed 200 OK in 63833ms (Views: 0.2ms | ActiveRecord: 6.5ms | Allocations: 101151)


Started POST "/players" for 127.0.0.1 at 2022-05-28 13:58:09 -0300
Processing by PlayersController#create as HTML
  Parameters: {"name"=>"Robert", "last_name"=>"Trujillo", "player"=>{"name"=>"Robert", "last_name"=>"Trujillo"}}
[31mUnpermitted parameter: :player. Context: { controller: PlayersController, action: create, request: #<ActionDispatch::Request:0x00007fce4c8f57d8>, params: {"name"=>"Robert", "last_name"=>"Trujillo", "controller"=>"players", "action"=>"create", "player"=>{"name"=>"Robert", "last_name"=>"Trujillo"}} }[0m
  [1m[36mTRANSACTION (0.0ms)[0m  [1m[36mbegin transaction[0m
  ↳ app/controllers/players_controller.rb:19:in `render_response'
  [1m[36mPlayer Create (0.2ms)[0m  [1m[32mINSERT INTO "players" ("name", "last_name", "created_at", "updated_at") VALUES (?, ?, ?, ?)[0m  [["name", "Robert"], ["last_name", "Trujillo"], ["created_at", "2022-05-28 16:58:09.465442"], ["updated_at", "2022-05-28 16:58:09.465442"]]
  ↳ app/controllers/players_controller.rb:19:in `render_response'
  [1m[36mTRANSACTION (4.1ms)[0m  [1m[36mcommit transaction[0m
  ↳ app/controllers/players_controller.rb:19:in `render_response'
Completed 200 OK in 7ms (Views: 0.3ms | ActiveRecord: 4.3ms | Allocations: 1879)


Started POST "/players" for 127.0.0.1 at 2022-05-28 13:58:46 -0300
  [1m[35m (0.8ms)[0m  [1m[34mSELECT sqlite_version(*)[0m
  [1m[36mActiveRecord::SchemaMigration Pluck (0.2ms)[0m  [1m[34mSELECT "schema_migrations"."version" FROM "schema_migrations" ORDER BY "schema_migrations"."version" ASC[0m
Processing by PlayersController#create as HTML
  Parameters: {"name"=>"Robert ", "last_name"=>"Trujillo", "player"=>{"name"=>"Robert ", "last_name"=>"Trujillo"}}
[31mUnpermitted parameter: :player. Context: { controller: PlayersController, action: create, request: #<ActionDispatch::Request:0x00007f96eca0e698>, params: {"name"=>"Robert ", "last_name"=>"Trujillo", "controller"=>"players", "action"=>"create", "player"=>{"name"=>"Robert ", "last_name"=>"Trujillo"}} }[0m
  [1m[36mTRANSACTION (0.0ms)[0m  [1m[36mbegin transaction[0m
  ↳ app/controllers/players_controller.rb:19:in `render_response'
  [1m[36mPlayer Create (0.1ms)[0m  [1m[32mINSERT INTO "players" ("name", "last_name", "created_at", "updated_at") VALUES (?, ?, ?, ?)[0m  [["name", "Robert "], ["last_name", "Trujillo"], ["created_at", "2022-05-28 16:58:50.090906"], ["updated_at", "2022-05-28 16:58:50.090906"]]
  ↳ app/controllers/players_controller.rb:19:in `render_response'
  [1m[36mTRANSACTION (4.3ms)[0m  [1m[36mcommit transaction[0m
  ↳ app/controllers/players_controller.rb:19:in `render_response'
Completed 200 OK in 3313ms (Views: 0.2ms | ActiveRecord: 5.7ms | Allocations: 107976)


Started POST "/players" for 127.0.0.1 at 2022-05-28 13:59:39 -0300
  [1m[35m (0.0ms)[0m  [1m[34mSELECT sqlite_version(*)[0m
Processing by PlayersController#create as HTML
  Parameters: {"name"=>"Lars", "last_name"=>"Ulrich", "player"=>{"name"=>"Lars", "last_name"=>"Ulrich"}}
[31mUnpermitted parameter: :player. Context: { controller: PlayersController, action: create, request: #<ActionDispatch::Request:0x00007f96f0947c10>, params: {"name"=>"Lars", "last_name"=>"Ulrich", "controller"=>"players", "action"=>"create", "player"=>{"name"=>"Lars", "last_name"=>"Ulrich"}} }[0m
  [1m[36mTRANSACTION (0.0ms)[0m  [1m[36mbegin transaction[0m
  ↳ app/controllers/players_controller.rb:19:in `render_response'
  [1m[36mPlayer Create (0.2ms)[0m  [1m[32mINSERT INTO "players" ("name", "last_name", "created_at", "updated_at") VALUES (?, ?, ?, ?)[0m  [["name", "Lars"], ["last_name", "Ulrich"], ["created_at", "2022-05-28 16:59:47.813638"], ["updated_at", "2022-05-28 16:59:47.813638"]]
  ↳ app/controllers/players_controller.rb:19:in `render_response'
  [1m[36mTRANSACTION (4.4ms)[0m  [1m[36mcommit transaction[0m
  ↳ app/controllers/players_controller.rb:19:in `render_response'
Completed 200 OK in 8382ms (Views: 0.2ms | ActiveRecord: 5.7ms | Allocations: 72992)


Started GET "/players/" for 127.0.0.1 at 2022-05-28 14:00:02 -0300
Processing by PlayersController#index as HTML
  [1m[36mPlayer Load (0.3ms)[0m  [1m[34mSELECT "players".* FROM "players"[0m
  ↳ app/controllers/players_controller.rb:10:in `index'
Completed 200 OK in 5ms (Views: 4.5ms | ActiveRecord: 0.3ms | Allocations: 1483)


Started GET "/players/" for 127.0.0.1 at 2022-05-28 14:00:39 -0300
Processing by PlayersController#index as HTML
  [1m[36mPlayer Load (0.1ms)[0m  [1m[34mSELECT "players".* FROM "players"[0m
  ↳ app/controllers/players_controller.rb:10:in `index'
Completed 200 OK in 2ms (Views: 1.7ms | ActiveRecord: 0.1ms | Allocations: 1411)


Started GET "/players/" for 127.0.0.1 at 2022-05-28 14:01:58 -0300
Processing by PlayersController#index as HTML
  [1m[36mPlayer Load (0.1ms)[0m  [1m[34mSELECT "players".* FROM "players"[0m
  ↳ app/controllers/players_controller.rb:10:in `index'
Completed 200 OK in 2ms (Views: 1.3ms | ActiveRecord: 0.1ms | Allocations: 1425)


  [1m[35m (1.0ms)[0m  [1m[34mSELECT sqlite_version(*)[0m
  [1m[36mActiveRecord::SchemaMigration Pluck (0.1ms)[0m  [1m[34mSELECT "schema_migrations"."version" FROM "schema_migrations" ORDER BY "schema_migrations"."version" ASC[0m
  [1m[36mActiveRecord::InternalMetadata Pluck (0.1ms)[0m  [1m[34mSELECT "ar_internal_metadata"."value" FROM "ar_internal_metadata" WHERE "ar_internal_metadata"."key" = ? LIMIT ?[0m  [["key", "environment"], ["LIMIT", 1]]
  [1m[36mActiveRecord::SchemaMigration Pluck (0.1ms)[0m  [1m[34mSELECT "schema_migrations"."version" FROM "schema_migrations" ORDER BY "schema_migrations"."version" ASC[0m
  [1m[36mActiveRecord::InternalMetadata Pluck (0.1ms)[0m  [1m[34mSELECT "ar_internal_metadata"."value" FROM "ar_internal_metadata" WHERE "ar_internal_metadata"."key" = ? LIMIT ?[0m  [["key", "environment"], ["LIMIT", 1]]
  [1m[36mActiveRecord::SchemaMigration Pluck (0.1ms)[0m  [1m[34mSELECT "schema_migrations"."version" FROM "schema_migrations" ORDER BY "schema_migrations"."version" ASC[0m
  [1m[36mActiveRecord::InternalMetadata Pluck (0.1ms)[0m  [1m[34mSELECT "ar_internal_metadata"."value" FROM "ar_internal_metadata" WHERE "ar_internal_metadata"."key" = ? LIMIT ?[0m  [["key", "environment"], ["LIMIT", 1]]
  [1m[35m (0.3ms)[0m  [1m[34mSELECT sqlite_version(*)[0m
  [1m[35m (0.0ms)[0m  [1m[34mSELECT sqlite_version(*)[0m
  [1m[35m (0.3ms)[0m  [1m[34mSELECT sqlite_version(*)[0m
  [1m[35m (17.1ms)[0m  [1m[35mCREATE TABLE "schema_migrations" ("version" varchar NOT NULL PRIMARY KEY)[0m
  [1m[35m (17.1ms)[0m  [1m[35mCREATE TABLE "ar_internal_metadata" ("key" varchar NOT NULL PRIMARY KEY, "value" varchar, "created_at" datetime(6) NOT NULL, "updated_at" datetime(6) NOT NULL)[0m
  [1m[36mActiveRecord::SchemaMigration Pluck (0.3ms)[0m  [1m[34mSELECT "schema_migrations"."version" FROM "schema_migrations" ORDER BY "schema_migrations"."version" ASC[0m
Migrating to CreatePlayers (20220528161201)
  [1m[36mTRANSACTION (0.1ms)[0m  [1m[36mbegin transaction[0m
  [1m[35m (0.8ms)[0m  [1m[35mCREATE TABLE "players" ("id" integer PRIMARY KEY AUTOINCREMENT NOT NULL, "name" varchar, "last_name" varchar, "created_at" datetime(6) NOT NULL, "updated_at" datetime(6) NOT NULL)[0m
  [1m[36mActiveRecord::SchemaMigration Create (0.4ms)[0m  [1m[32mINSERT INTO "schema_migrations" ("version") VALUES (?)[0m  [["version", "20220528161201"]]
  [1m[36mTRANSACTION (16.1ms)[0m  [1m[36mcommit transaction[0m
Migrating to CreateGames (20220528161837)
  [1m[36mTRANSACTION (0.1ms)[0m  [1m[36mbegin transaction[0m
  [1m[35m (0.5ms)[0m  [1m[35mCREATE TABLE "games" ("id" integer PRIMARY KEY AUTOINCREMENT NOT NULL, "game_token" varchar, "player1" integer, "player2" integer, "created_at" datetime(6) NOT NULL, "updated_at" datetime(6) NOT NULL)[0m
  [1m[36mActiveRecord::SchemaMigration Create (0.2ms)[0m  [1m[32mINSERT INTO "schema_migrations" ("version") VALUES (?)[0m  [["version", "20220528161837"]]
  [1m[36mTRANSACTION (16.4ms)[0m  [1m[36mcommit transaction[0m
  [1m[36mActiveRecord::InternalMetadata Load (0.3ms)[0m  [1m[34mSELECT "ar_internal_metadata".* FROM "ar_internal_metadata" WHERE "ar_internal_metadata"."key" = ? LIMIT ?[0m  [["key", "environment"], ["LIMIT", 1]]
  [1m[36mTRANSACTION (0.1ms)[0m  [1m[36mbegin transaction[0m
  [1m[36mActiveRecord::InternalMetadata Create (0.4ms)[0m  [1m[32mINSERT INTO "ar_internal_metadata" ("key", "value", "created_at", "updated_at") VALUES (?, ?, ?, ?)[0m  [["key", "environment"], ["value", "development"], ["created_at", "2022-05-29 21:16:17.772460"], ["updated_at", "2022-05-29 21:16:17.772460"]]
  [1m[36mTRANSACTION (12.6ms)[0m  [1m[36mcommit transaction[0m
  [1m[35m (0.1ms)[0m  [1m[34mSELECT sqlite_version(*)[0m
  [1m[36mActiveRecord::SchemaMigration Pluck (0.2ms)[0m  [1m[34mSELECT "schema_migrations"."version" FROM "schema_migrations" ORDER BY "schema_migrations"."version" ASC[0m
Started GET "/players/" for 127.0.0.1 at 2022-05-29 18:16:51 -0300
  [1m[35m (0.4ms)[0m  [1m[34mSELECT sqlite_version(*)[0m
  [1m[36mActiveRecord::SchemaMigration Pluck (0.1ms)[0m  [1m[34mSELECT "schema_migrations"."version" FROM "schema_migrations" ORDER BY "schema_migrations"."version" ASC[0m
Processing by PlayersController#index as HTML
  [1m[36mPlayer Load (0.1ms)[0m  [1m[34mSELECT "players".* FROM "players"[0m
  ↳ app/controllers/players_controller.rb:10:in `index'
Completed 200 OK in 5ms (Views: 0.7ms | ActiveRecord: 0.1ms | Allocations: 3267)


Started GET "/players/" for 127.0.0.1 at 2022-05-29 18:19:36 -0300
Processing by PlayersController#index as HTML
  [1m[36mPlayer Load (0.1ms)[0m  [1m[34mSELECT "players".* FROM "players"[0m
  ↳ app/controllers/players_controller.rb:10:in `index'
Completed 200 OK in 1ms (Views: 0.7ms | ActiveRecord: 0.1ms | Allocations: 654)


Started POST "/players" for 127.0.0.1 at 2022-05-29 18:19:51 -0300
Processing by PlayersController#create as HTML
  Parameters: {"name"=>"Victor ", "last_name"=>"Sanhueza", "player"=>{"name"=>"Victor ", "last_name"=>"Sanhueza"}}
[31mUnpermitted parameter: :player. Context: { controller: PlayersController, action: create, request: #<ActionDispatch::Request:0x00007fc734ba4048>, params: {"name"=>"Victor ", "last_name"=>"Sanhueza", "controller"=>"players", "action"=>"create", "player"=>{"name"=>"Victor ", "last_name"=>"Sanhueza"}} }[0m
  [1m[36mTRANSACTION (0.0ms)[0m  [1m[36mbegin transaction[0m
  ↳ app/controllers/players_controller.rb:19:in `render_response'
  [1m[36mPlayer Create (0.2ms)[0m  [1m[32mINSERT INTO "players" ("name", "last_name", "created_at", "updated_at") VALUES (?, ?, ?, ?)[0m  [["name", "Victor "], ["last_name", "Sanhueza"], ["created_at", "2022-05-29 21:19:58.293240"], ["updated_at", "2022-05-29 21:19:58.293240"]]
  ↳ app/controllers/players_controller.rb:19:in `render_response'
  [1m[36mTRANSACTION (5.2ms)[0m  [1m[36mcommit transaction[0m
  ↳ app/controllers/players_controller.rb:19:in `render_response'
Completed 200 OK in 6754ms (Views: 0.2ms | ActiveRecord: 7.0ms | Allocations: 105829)


Started GET "/players/" for 127.0.0.1 at 2022-05-29 18:20:05 -0300
Processing by PlayersController#index as HTML
  [1m[36mPlayer Load (0.2ms)[0m  [1m[34mSELECT "players".* FROM "players"[0m
  ↳ app/controllers/players_controller.rb:10:in `index'
Completed 200 OK in 5ms (Views: 4.1ms | ActiveRecord: 0.2ms | Allocations: 791)


Started GET "/players/" for 127.0.0.1 at 2022-05-29 18:20:10 -0300
Processing by PlayersController#index as HTML
  [1m[36mPlayer Load (0.2ms)[0m  [1m[34mSELECT "players".* FROM "players"[0m
  ↳ app/controllers/players_controller.rb:10:in `index'
Completed 200 OK in 3ms (Views: 2.0ms | ActiveRecord: 0.2ms | Allocations: 776)


Started GET "/players/" for 127.0.0.1 at 2022-05-29 18:22:44 -0300
Processing by PlayersController#index as HTML
  [1m[36mPlayer Load (0.1ms)[0m  [1m[34mSELECT "players".* FROM "players"[0m
  ↳ app/controllers/players_controller.rb:10:in `index'
Completed 200 OK in 2ms (Views: 1.3ms | ActiveRecord: 0.1ms | Allocations: 762)


Started GET "/players/" for 127.0.0.1 at 2022-05-29 18:23:08 -0300
Processing by PlayersController#index as HTML
  [1m[36mPlayer Load (0.1ms)[0m  [1m[34mSELECT "players".* FROM "players"[0m
  ↳ app/controllers/players_controller.rb:10:in `index'
Completed 200 OK in 2ms (Views: 1.5ms | ActiveRecord: 0.1ms | Allocations: 764)


Started GET "/players/" for 127.0.0.1 at 2022-05-29 18:23:13 -0300
Processing by PlayersController#index as HTML
  [1m[36mPlayer Load (2.3ms)[0m  [1m[34mSELECT "players".* FROM "players"[0m
  ↳ app/controllers/players_controller.rb:10:in `index'
Completed 200 OK in 8ms (Views: 5.5ms | ActiveRecord: 2.3ms | Allocations: 762)


Started GET "/players/" for 127.0.0.1 at 2022-05-29 18:23:38 -0300
Processing by PlayersController#index as HTML
  [1m[36mPlayer Load (0.1ms)[0m  [1m[34mSELECT "players".* FROM "players"[0m
  ↳ app/controllers/players_controller.rb:10:in `index'
Completed 200 OK in 5ms (Views: 4.2ms | ActiveRecord: 0.1ms | Allocations: 762)


Started GET "/players/" for 127.0.0.1 at 2022-05-29 18:29:08 -0300
Processing by PlayersController#index as HTML
  [1m[35m (0.1ms)[0m  [1m[34mSELECT sqlite_version(*)[0m
  ↳ app/controllers/players_controller.rb:10:in `index'
  [1m[36mPlayer Load (0.1ms)[0m  [1m[34mSELECT "players".* FROM "players"[0m
  ↳ app/controllers/players_controller.rb:10:in `index'
Completed 200 OK in 5ms (Views: 4.7ms | ActiveRecord: 0.5ms | Allocations: 1386)


Started GET "/players/" for 127.0.0.1 at 2022-05-29 18:32:39 -0300
Processing by PlayersController#index as HTML
  [1m[36mPlayer Load (0.2ms)[0m  [1m[34mSELECT "players".* FROM "players"[0m
  ↳ app/controllers/players_controller.rb:10:in `index'
Completed 200 OK in 7ms (Views: 4.5ms | ActiveRecord: 0.2ms | Allocations: 762)


Started GET "/players/" for 127.0.0.1 at 2022-05-29 18:32:50 -0300
Processing by PlayersController#index as HTML
  [1m[36mPlayer Load (0.2ms)[0m  [1m[34mSELECT "players".* FROM "players"[0m
  ↳ app/controllers/players_controller.rb:10:in `index'
Completed 200 OK in 5ms (Views: 4.6ms | ActiveRecord: 0.2ms | Allocations: 762)


Started GET "/players/" for 127.0.0.1 at 2022-05-29 18:34:12 -0300
Processing by PlayersController#index as HTML
  [1m[36mPlayer Load (0.2ms)[0m  [1m[34mSELECT "players".* FROM "players"[0m
  ↳ app/controllers/players_controller.rb:10:in `index'
Completed 200 OK in 8ms (Views: 7.5ms | ActiveRecord: 0.2ms | Allocations: 762)


Started GET "/players/" for 127.0.0.1 at 2022-05-29 18:45:27 -0300
Processing by PlayersController#index as HTML
  [1m[35m (0.1ms)[0m  [1m[34mSELECT sqlite_version(*)[0m
  ↳ app/controllers/players_controller.rb:10:in `index'
  [1m[36mPlayer Load (0.1ms)[0m  [1m[34mSELECT "players".* FROM "players"[0m
  ↳ app/controllers/players_controller.rb:10:in `index'
Completed 200 OK in 6ms (Views: 5.6ms | ActiveRecord: 0.5ms | Allocations: 1386)


Started GET "/players/" for 127.0.0.1 at 2022-05-29 18:47:31 -0300
Processing by PlayersController#index as HTML
  [1m[36mPlayer Load (0.2ms)[0m  [1m[34mSELECT "players".* FROM "players"[0m
  ↳ app/controllers/players_controller.rb:10:in `index'
Completed 200 OK in 4ms (Views: 3.2ms | ActiveRecord: 0.2ms | Allocations: 762)


Started POST "/players" for 127.0.0.1 at 2022-05-29 18:49:41 -0300
  [1m[35m (0.0ms)[0m  [1m[34mSELECT sqlite_version(*)[0m
Processing by PlayersController#create as HTML
  Parameters: {"name"=>"James ", "last_name"=>"Hetfield", "player"=>{"name"=>"James ", "last_name"=>"Hetfield"}}
[31mUnpermitted parameter: :player. Context: { controller: PlayersController, action: create, request: #<ActionDispatch::Request:0x00007fc734cb3c40>, params: {"name"=>"James ", "last_name"=>"Hetfield", "controller"=>"players", "action"=>"create", "player"=>{"name"=>"James ", "last_name"=>"Hetfield"}} }[0m
  [1m[36mTRANSACTION (0.0ms)[0m  [1m[36mbegin transaction[0m
  ↳ app/controllers/players_controller.rb:18:in `render_response'
  [1m[36mPlayer Create (0.1ms)[0m  [1m[32mINSERT INTO "players" ("name", "last_name", "created_at", "updated_at") VALUES (?, ?, ?, ?)[0m  [["name", "James "], ["last_name", "Hetfield"], ["created_at", "2022-05-29 21:49:41.955890"], ["updated_at", "2022-05-29 21:49:41.955890"]]
  ↳ app/controllers/players_controller.rb:18:in `render_response'
  [1m[36mTRANSACTION (4.3ms)[0m  [1m[36mcommit transaction[0m
  ↳ app/controllers/players_controller.rb:18:in `render_response'
Completed 200 OK in 7ms (Views: 0.2ms | ActiveRecord: 4.9ms | Allocations: 2830)


Started GET "/players/" for 127.0.0.1 at 2022-05-29 18:51:23 -0300
Processing by PlayersController#index as HTML
  [1m[36mPlayer Load (0.3ms)[0m  [1m[34mSELECT "players".* FROM "players"[0m
  ↳ app/controllers/players_controller.rb:9:in `index'
Completed 200 OK in 4ms (Views: 2.8ms | ActiveRecord: 0.3ms | Allocations: 913)


Started GET "/players/" for 127.0.0.1 at 2022-05-29 18:52:08 -0300
Processing by PlayersController#index as HTML
  [1m[36mPlayer Load (0.1ms)[0m  [1m[34mSELECT "players".* FROM "players"[0m
  ↳ app/controllers/players_controller.rb:9:in `index'
Completed 200 OK in 1ms (Views: 0.8ms | ActiveRecord: 0.1ms | Allocations: 870)


Started GET "/players/" for 127.0.0.1 at 2022-05-29 18:56:04 -0300
Processing by PlayersController#index as HTML
  [1m[36mPlayer Load (0.2ms)[0m  [1m[34mSELECT "players".* FROM "players"[0m
  ↳ app/controllers/players_controller.rb:9:in `index'
Completed 200 OK in 3ms (Views: 2.5ms | ActiveRecord: 0.2ms | Allocations: 871)


Started GET "/players/" for 127.0.0.1 at 2022-05-29 18:59:36 -0300
Processing by PlayersController#index as HTML
  [1m[36mPlayer Load (0.2ms)[0m  [1m[34mSELECT "players".* FROM "players"[0m
  ↳ app/controllers/players_controller.rb:9:in `index'
Completed 200 OK in 4ms (Views: 3.3ms | ActiveRecord: 0.2ms | Allocations: 870)


Started GET "/players/" for 127.0.0.1 at 2022-05-29 19:01:59 -0300
Processing by PlayersController#index as HTML
  [1m[36mPlayer Load (0.2ms)[0m  [1m[34mSELECT "players".* FROM "players"[0m
  ↳ app/controllers/players_controller.rb:9:in `index'
Completed 200 OK in 4ms (Views: 3.2ms | ActiveRecord: 0.2ms | Allocations: 870)


Started GET "/players/" for 127.0.0.1 at 2022-05-29 19:03:36 -0300
Processing by PlayersController#index as HTML
  [1m[36mPlayer Load (0.1ms)[0m  [1m[34mSELECT "players".* FROM "players"[0m
  ↳ app/controllers/players_controller.rb:9:in `index'
Completed 200 OK in 2ms (Views: 1.6ms | ActiveRecord: 0.1ms | Allocations: 870)


Started GET "/players/" for 127.0.0.1 at 2022-05-29 19:04:38 -0300
Processing by PlayersController#index as HTML
  [1m[36mPlayer Load (0.2ms)[0m  [1m[34mSELECT "players".* FROM "players"[0m
  ↳ app/controllers/players_controller.rb:9:in `index'
Completed 200 OK in 4ms (Views: 3.4ms | ActiveRecord: 0.2ms | Allocations: 870)


Started GET "/players/" for 127.0.0.1 at 2022-05-29 19:05:07 -0300
Processing by PlayersController#index as HTML
  [1m[36mPlayer Load (0.2ms)[0m  [1m[34mSELECT "players".* FROM "players"[0m
  ↳ app/controllers/players_controller.rb:9:in `index'
Completed 200 OK in 4ms (Views: 3.3ms | ActiveRecord: 0.2ms | Allocations: 870)


Started GET "/players/" for 127.0.0.1 at 2022-05-29 19:06:11 -0300
Processing by PlayersController#index as HTML
  [1m[36mPlayer Load (0.2ms)[0m  [1m[34mSELECT "players".* FROM "players"[0m
  ↳ app/controllers/players_controller.rb:9:in `index'
Completed 200 OK in 4ms (Views: 3.5ms | ActiveRecord: 0.2ms | Allocations: 870)


Started GET "/players/" for 127.0.0.1 at 2022-05-29 19:08:28 -0300
Processing by PlayersController#index as HTML
  [1m[36mPlayer Load (0.3ms)[0m  [1m[34mSELECT "players".* FROM "players"[0m
  ↳ app/controllers/players_controller.rb:9:in `index'
Completed 200 OK in 4ms (Views: 3.1ms | ActiveRecord: 0.3ms | Allocations: 870)


Started GET "/players/" for 127.0.0.1 at 2022-05-29 19:11:08 -0300
Processing by PlayersController#index as HTML
  [1m[36mPlayer Load (0.2ms)[0m  [1m[34mSELECT "players".* FROM "players"[0m
  ↳ app/controllers/players_controller.rb:9:in `index'
Completed 200 OK in 4ms (Views: 3.3ms | ActiveRecord: 0.2ms | Allocations: 870)


Started GET "/players/" for 127.0.0.1 at 2022-05-29 19:26:17 -0300
Processing by PlayersController#index as HTML
  [1m[35m (0.0ms)[0m  [1m[34mSELECT sqlite_version(*)[0m
  ↳ app/controllers/players_controller.rb:9:in `index'
  [1m[36mPlayer Load (0.1ms)[0m  [1m[34mSELECT "players".* FROM "players"[0m
  ↳ app/controllers/players_controller.rb:9:in `index'
Completed 200 OK in 2ms (Views: 1.6ms | ActiveRecord: 0.3ms | Allocations: 1493)


Started GET "/players/" for 127.0.0.1 at 2022-05-29 19:28:35 -0300
Processing by PlayersController#index as HTML
  [1m[36mPlayer Load (0.2ms)[0m  [1m[34mSELECT "players".* FROM "players"[0m
  ↳ app/controllers/players_controller.rb:9:in `index'
Completed 200 OK in 3ms (Views: 2.6ms | ActiveRecord: 0.2ms | Allocations: 870)


Started GET "/players/" for 127.0.0.1 at 2022-05-29 19:29:09 -0300
Processing by PlayersController#index as HTML
  [1m[36mPlayer Load (0.2ms)[0m  [1m[34mSELECT "players".* FROM "players"[0m
  ↳ app/controllers/players_controller.rb:9:in `index'
Completed 200 OK in 4ms (Views: 3.3ms | ActiveRecord: 0.2ms | Allocations: 870)


Started GET "/players/" for 127.0.0.1 at 2022-05-29 19:30:51 -0300
Processing by PlayersController#index as HTML
  [1m[36mPlayer Load (0.2ms)[0m  [1m[34mSELECT "players".* FROM "players"[0m
  ↳ app/controllers/players_controller.rb:9:in `index'
Completed 200 OK in 3ms (Views: 2.0ms | ActiveRecord: 0.2ms | Allocations: 870)


Started GET "/players/" for 127.0.0.1 at 2022-05-29 19:38:13 -0300
Processing by PlayersController#index as HTML
  [1m[35m (0.0ms)[0m  [1m[34mSELECT sqlite_version(*)[0m
  ↳ app/controllers/players_controller.rb:9:in `index'
  [1m[36mPlayer Load (0.1ms)[0m  [1m[34mSELECT "players".* FROM "players"[0m
  ↳ app/controllers/players_controller.rb:9:in `index'
Completed 200 OK in 2ms (Views: 1.9ms | ActiveRecord: 0.3ms | Allocations: 1493)


Started GET "/players/" for 127.0.0.1 at 2022-05-29 19:38:36 -0300
Processing by PlayersController#index as HTML
  [1m[36mPlayer Load (0.1ms)[0m  [1m[34mSELECT "players".* FROM "players"[0m
  ↳ app/controllers/players_controller.rb:9:in `index'
Completed 200 OK in 2ms (Views: 1.8ms | ActiveRecord: 0.1ms | Allocations: 870)


Started GET "/players/" for 127.0.0.1 at 2022-05-29 19:39:40 -0300
Processing by PlayersController#index as HTML
  [1m[36mPlayer Load (0.1ms)[0m  [1m[34mSELECT "players".* FROM "players"[0m
  ↳ app/controllers/players_controller.rb:9:in `index'
Completed 200 OK in 2ms (Views: 1.8ms | ActiveRecord: 0.1ms | Allocations: 870)


Started GET "/players/" for 127.0.0.1 at 2022-05-29 19:42:47 -0300
Processing by PlayersController#index as HTML
  [1m[36mPlayer Load (0.1ms)[0m  [1m[34mSELECT "players".* FROM "players"[0m
  ↳ app/controllers/players_controller.rb:9:in `index'
Completed 200 OK in 2ms (Views: 1.9ms | ActiveRecord: 0.1ms | Allocations: 870)


Started GET "/players/" for 127.0.0.1 at 2022-05-29 19:43:08 -0300
Processing by PlayersController#index as HTML
  [1m[36mPlayer Load (0.1ms)[0m  [1m[34mSELECT "players".* FROM "players"[0m
  ↳ app/controllers/players_controller.rb:9:in `index'
Completed 200 OK in 1ms (Views: 1.1ms | ActiveRecord: 0.1ms | Allocations: 870)


Started GET "/players/" for 127.0.0.1 at 2022-05-29 19:44:12 -0300
Processing by PlayersController#index as HTML
  [1m[36mPlayer Load (0.1ms)[0m  [1m[34mSELECT "players".* FROM "players"[0m
  ↳ app/controllers/players_controller.rb:9:in `index'
Completed 200 OK in 2ms (Views: 1.8ms | ActiveRecord: 0.1ms | Allocations: 870)


Started GET "/players/" for 127.0.0.1 at 2022-05-29 19:46:46 -0300
Processing by PlayersController#index as HTML
  [1m[36mPlayer Load (0.2ms)[0m  [1m[34mSELECT "players".* FROM "players"[0m
  ↳ app/controllers/players_controller.rb:9:in `index'
Completed 200 OK in 3ms (Views: 2.3ms | ActiveRecord: 0.2ms | Allocations: 870)


Started GET "/players/" for 127.0.0.1 at 2022-05-29 19:57:48 -0300
Processing by PlayersController#index as HTML
  [1m[35m (0.0ms)[0m  [1m[34mSELECT sqlite_version(*)[0m
  ↳ app/controllers/players_controller.rb:9:in `index'
  [1m[36mPlayer Load (0.1ms)[0m  [1m[34mSELECT "players".* FROM "players"[0m
  ↳ app/controllers/players_controller.rb:9:in `index'
Completed 200 OK in 2ms (Views: 1.7ms | ActiveRecord: 0.3ms | Allocations: 1493)


Started GET "/players/" for 127.0.0.1 at 2022-05-29 20:02:11 -0300
Processing by PlayersController#index as HTML
  [1m[36mPlayer Load (0.2ms)[0m  [1m[34mSELECT "players".* FROM "players"[0m
  ↳ app/controllers/players_controller.rb:9:in `index'
Completed 200 OK in 3ms (Views: 2.4ms | ActiveRecord: 0.2ms | Allocations: 870)


Started GET "/players/" for 127.0.0.1 at 2022-05-29 20:03:13 -0300
Processing by PlayersController#index as HTML
  [1m[36mPlayer Load (0.1ms)[0m  [1m[34mSELECT "players".* FROM "players"[0m
  ↳ app/controllers/players_controller.rb:9:in `index'
Completed 200 OK in 4ms (Views: 1.0ms | ActiveRecord: 0.1ms | Allocations: 871)


Started POST "/players" for 127.0.0.1 at 2022-05-29 20:03:19 -0300
Processing by PlayersController#create as HTML
  Parameters: {"name"=>"Lars ", "last_name"=>"Ulrich", "player"=>{"name"=>"Lars ", "last_name"=>"Ulrich"}}
[31mUnpermitted parameter: :player. Context: { controller: PlayersController, action: create, request: #<ActionDispatch::Request:0x00007fc734cdd0e0>, params: {"name"=>"Lars ", "last_name"=>"Ulrich", "controller"=>"players", "action"=>"create", "player"=>{"name"=>"Lars ", "last_name"=>"Ulrich"}} }[0m
  [1m[36mTRANSACTION (0.2ms)[0m  [1m[36mbegin transaction[0m
  ↳ app/controllers/players_controller.rb:18:in `render_response'
  [1m[36mPlayer Create (0.4ms)[0m  [1m[32mINSERT INTO "players" ("name", "last_name", "created_at", "updated_at") VALUES (?, ?, ?, ?)[0m  [["name", "Lars "], ["last_name", "Ulrich"], ["created_at", "2022-05-29 23:03:19.832415"], ["updated_at", "2022-05-29 23:03:19.832415"]]
  ↳ app/controllers/players_controller.rb:18:in `render_response'
  [1m[36mTRANSACTION (5.3ms)[0m  [1m[36mcommit transaction[0m
  ↳ app/controllers/players_controller.rb:18:in `render_response'
Completed 200 OK in 14ms (Views: 0.5ms | ActiveRecord: 5.8ms | Allocations: 1907)


Started GET "/players/" for 127.0.0.1 at 2022-05-29 20:04:01 -0300
Processing by PlayersController#index as HTML
  [1m[36mPlayer Load (0.2ms)[0m  [1m[34mSELECT "players".* FROM "players"[0m
  ↳ app/controllers/players_controller.rb:9:in `index'
Completed 200 OK in 3ms (Views: 2.6ms | ActiveRecord: 0.2ms | Allocations: 978)


Started GET "/players/" for 127.0.0.1 at 2022-05-29 20:06:29 -0300
Processing by PlayersController#index as HTML
  [1m[36mPlayer Load (0.1ms)[0m  [1m[34mSELECT "players".* FROM "players"[0m
  ↳ app/controllers/players_controller.rb:9:in `index'
Completed 200 OK in 2ms (Views: 1.8ms | ActiveRecord: 0.1ms | Allocations: 978)


Started GET "/players/" for 127.0.0.1 at 2022-05-29 20:06:43 -0300
Processing by PlayersController#index as HTML
  [1m[36mPlayer Load (0.1ms)[0m  [1m[34mSELECT "players".* FROM "players"[0m
  ↳ app/controllers/players_controller.rb:9:in `index'
Completed 200 OK in 2ms (Views: 1.9ms | ActiveRecord: 0.1ms | Allocations: 978)


Started GET "/players/" for 127.0.0.1 at 2022-05-29 20:10:10 -0300
Processing by PlayersController#index as HTML
  [1m[36mPlayer Load (0.1ms)[0m  [1m[34mSELECT "players".* FROM "players"[0m
  ↳ app/controllers/players_controller.rb:9:in `index'
Completed 200 OK in 2ms (Views: 1.6ms | ActiveRecord: 0.1ms | Allocations: 978)


Started GET "/players/" for 127.0.0.1 at 2022-05-29 20:11:20 -0300
Processing by PlayersController#index as HTML
  [1m[36mPlayer Load (0.1ms)[0m  [1m[34mSELECT "players".* FROM "players"[0m
  ↳ app/controllers/players_controller.rb:9:in `index'
Completed 200 OK in 2ms (Views: 1.5ms | ActiveRecord: 0.1ms | Allocations: 978)


Started GET "/players/" for 127.0.0.1 at 2022-05-29 20:12:54 -0300
Processing by PlayersController#index as HTML
  [1m[36mPlayer Load (0.1ms)[0m  [1m[34mSELECT "players".* FROM "players"[0m
  ↳ app/controllers/players_controller.rb:9:in `index'
Completed 200 OK in 2ms (Views: 1.6ms | ActiveRecord: 0.1ms | Allocations: 978)


Started GET "/players/" for 127.0.0.1 at 2022-05-29 20:14:55 -0300
Processing by PlayersController#index as HTML
  [1m[36mPlayer Load (0.1ms)[0m  [1m[34mSELECT "players".* FROM "players"[0m
  ↳ app/controllers/players_controller.rb:9:in `index'
Completed 200 OK in 2ms (Views: 1.9ms | ActiveRecord: 0.1ms | Allocations: 978)


Started GET "/players/" for 127.0.0.1 at 2022-05-29 20:18:47 -0300
Processing by PlayersController#index as HTML
  [1m[36mPlayer Load (0.1ms)[0m  [1m[34mSELECT "players".* FROM "players"[0m
  ↳ app/controllers/players_controller.rb:9:in `index'
Completed 200 OK in 2ms (Views: 1.8ms | ActiveRecord: 0.1ms | Allocations: 978)


Started GET "/players/" for 127.0.0.1 at 2022-05-29 20:20:02 -0300
Processing by PlayersController#index as HTML
  [1m[36mPlayer Load (0.1ms)[0m  [1m[34mSELECT "players".* FROM "players"[0m
  ↳ app/controllers/players_controller.rb:9:in `index'
Completed 200 OK in 2ms (Views: 1.5ms | ActiveRecord: 0.1ms | Allocations: 978)


Started GET "/players/" for 127.0.0.1 at 2022-05-29 20:20:37 -0300
Processing by PlayersController#index as HTML
  [1m[36mPlayer Load (0.2ms)[0m  [1m[34mSELECT "players".* FROM "players"[0m
  ↳ app/controllers/players_controller.rb:9:in `index'
Completed 200 OK in 2ms (Views: 1.8ms | ActiveRecord: 0.2ms | Allocations: 978)


Started GET "/players/" for 127.0.0.1 at 2022-05-29 20:21:20 -0300
Processing by PlayersController#index as HTML
  [1m[36mPlayer Load (0.1ms)[0m  [1m[34mSELECT "players".* FROM "players"[0m
  ↳ app/controllers/players_controller.rb:9:in `index'
Completed 200 OK in 2ms (Views: 1.3ms | ActiveRecord: 0.1ms | Allocations: 978)


Started GET "/players/" for 127.0.0.1 at 2022-05-29 20:22:26 -0300
Processing by PlayersController#index as HTML
  [1m[36mPlayer Load (0.1ms)[0m  [1m[34mSELECT "players".* FROM "players"[0m
  ↳ app/controllers/players_controller.rb:9:in `index'
Completed 200 OK in 2ms (Views: 1.9ms | ActiveRecord: 0.1ms | Allocations: 979)


Started GET "/players/" for 127.0.0.1 at 2022-05-29 20:24:33 -0300
Processing by PlayersController#index as HTML
  [1m[36mPlayer Load (0.1ms)[0m  [1m[34mSELECT "players".* FROM "players"[0m
  ↳ app/controllers/players_controller.rb:9:in `index'
Completed 200 OK in 2ms (Views: 1.7ms | ActiveRecord: 0.1ms | Allocations: 978)


Started GET "/players/" for 127.0.0.1 at 2022-05-29 20:26:14 -0300
Processing by PlayersController#index as HTML
  [1m[36mPlayer Load (0.1ms)[0m  [1m[34mSELECT "players".* FROM "players"[0m
  ↳ app/controllers/players_controller.rb:9:in `index'
Completed 200 OK in 2ms (Views: 1.9ms | ActiveRecord: 0.1ms | Allocations: 978)


Started GET "/players/" for 127.0.0.1 at 2022-05-29 20:30:10 -0300
Processing by PlayersController#index as HTML
  [1m[36mPlayer Load (0.1ms)[0m  [1m[34mSELECT "players".* FROM "players"[0m
  ↳ app/controllers/players_controller.rb:9:in `index'
Completed 200 OK in 3ms (Views: 2.0ms | ActiveRecord: 0.1ms | Allocations: 978)


Started GET "/players/" for 127.0.0.1 at 2022-05-29 20:31:15 -0300
Processing by PlayersController#index as HTML
  [1m[36mPlayer Load (0.1ms)[0m  [1m[34mSELECT "players".* FROM "players"[0m
  ↳ app/controllers/players_controller.rb:9:in `index'
Completed 200 OK in 1ms (Views: 0.9ms | ActiveRecord: 0.1ms | Allocations: 978)


Started GET "/players/" for 127.0.0.1 at 2022-05-29 20:32:01 -0300
Processing by PlayersController#index as HTML
  [1m[36mPlayer Load (0.1ms)[0m  [1m[34mSELECT "players".* FROM "players"[0m
  ↳ app/controllers/players_controller.rb:9:in `index'
Completed 200 OK in 2ms (Views: 1.5ms | ActiveRecord: 0.1ms | Allocations: 978)


Started GET "/players/" for 127.0.0.1 at 2022-05-29 20:32:09 -0300
Processing by PlayersController#index as HTML
  [1m[36mPlayer Load (0.2ms)[0m  [1m[34mSELECT "players".* FROM "players"[0m
  ↳ app/controllers/players_controller.rb:9:in `index'
Completed 200 OK in 3ms (Views: 2.0ms | ActiveRecord: 0.2ms | Allocations: 978)


Started GET "/players/" for 127.0.0.1 at 2022-05-29 20:40:38 -0300
Processing by PlayersController#index as HTML
  [1m[35m (0.1ms)[0m  [1m[34mSELECT sqlite_version(*)[0m
  ↳ app/controllers/players_controller.rb:9:in `index'
  [1m[36mPlayer Load (0.1ms)[0m  [1m[34mSELECT "players".* FROM "players"[0m
  ↳ app/controllers/players_controller.rb:9:in `index'
Completed 200 OK in 2ms (Views: 2.0ms | ActiveRecord: 0.3ms | Allocations: 1603)


Started GET "/players/" for 127.0.0.1 at 2022-05-29 20:41:07 -0300
Processing by PlayersController#index as HTML
  [1m[36mPlayer Load (0.2ms)[0m  [1m[34mSELECT "players".* FROM "players"[0m
  ↳ app/controllers/players_controller.rb:9:in `index'
Completed 200 OK in 3ms (Views: 2.8ms | ActiveRecord: 0.2ms | Allocations: 978)


Started GET "/players/" for 127.0.0.1 at 2022-05-29 20:43:53 -0300
Processing by PlayersController#index as HTML
  [1m[36mPlayer Load (0.1ms)[0m  [1m[34mSELECT "players".* FROM "players"[0m
  ↳ app/controllers/players_controller.rb:9:in `index'
Completed 200 OK in 3ms (Views: 2.2ms | ActiveRecord: 0.1ms | Allocations: 978)


Started GET "/players/" for 127.0.0.1 at 2022-05-29 20:44:22 -0300
Processing by PlayersController#index as HTML
  [1m[36mPlayer Load (0.1ms)[0m  [1m[34mSELECT "players".* FROM "players"[0m
  ↳ app/controllers/players_controller.rb:9:in `index'
Completed 200 OK in 1ms (Views: 1.1ms | ActiveRecord: 0.1ms | Allocations: 978)


Started GET "/players/" for 127.0.0.1 at 2022-05-29 20:44:40 -0300
Processing by PlayersController#index as HTML
  [1m[36mPlayer Load (0.1ms)[0m  [1m[34mSELECT "players".* FROM "players"[0m
  ↳ app/controllers/players_controller.rb:9:in `index'
Completed 200 OK in 3ms (Views: 2.1ms | ActiveRecord: 0.1ms | Allocations: 978)


Started GET "/players/" for 127.0.0.1 at 2022-05-29 20:45:38 -0300
Processing by PlayersController#index as HTML
  [1m[36mPlayer Load (0.1ms)[0m  [1m[34mSELECT "players".* FROM "players"[0m
  ↳ app/controllers/players_controller.rb:9:in `index'
Completed 200 OK in 2ms (Views: 1.6ms | ActiveRecord: 0.1ms | Allocations: 978)


Started POST "/players" for 127.0.0.1 at 2022-05-29 20:45:48 -0300
Processing by PlayersController#create as HTML
  Parameters: {"name"=>"Robert", "last_name"=>"Trujillo", "player"=>{"name"=>"Robert", "last_name"=>"Trujillo"}}
[31mUnpermitted parameter: :player. Context: { controller: PlayersController, action: create, request: #<ActionDispatch::Request:0x00007fc71c269bd0>, params: {"name"=>"Robert", "last_name"=>"Trujillo", "controller"=>"players", "action"=>"create", "player"=>{"name"=>"Robert", "last_name"=>"Trujillo"}} }[0m
  [1m[36mTRANSACTION (0.1ms)[0m  [1m[36mbegin transaction[0m
  ↳ app/controllers/players_controller.rb:18:in `render_response'
  [1m[36mPlayer Create (0.3ms)[0m  [1m[32mINSERT INTO "players" ("name", "last_name", "created_at", "updated_at") VALUES (?, ?, ?, ?)[0m  [["name", "Robert"], ["last_name", "Trujillo"], ["created_at", "2022-05-29 23:45:48.155389"], ["updated_at", "2022-05-29 23:45:48.155389"]]
  ↳ app/controllers/players_controller.rb:18:in `render_response'
  [1m[36mTRANSACTION (4.4ms)[0m  [1m[36mcommit transaction[0m
  ↳ app/controllers/players_controller.rb:18:in `render_response'
Completed 200 OK in 11ms (Views: 0.5ms | ActiveRecord: 4.8ms | Allocations: 1902)


Started GET "/players/" for 127.0.0.1 at 2022-05-29 20:45:59 -0300
Processing by PlayersController#index as HTML
  [1m[36mPlayer Load (0.2ms)[0m  [1m[34mSELECT "players".* FROM "players"[0m
  ↳ app/controllers/players_controller.rb:9:in `index'
Completed 200 OK in 3ms (Views: 2.2ms | ActiveRecord: 0.2ms | Allocations: 1087)


Started GET "/" for 127.0.0.1 at 2022-05-29 21:16:24 -0300
  [1m[35m (0.0ms)[0m  [1m[34mSELECT sqlite_version(*)[0m
  [1m[36mActiveRecord::SchemaMigration Pluck (0.1ms)[0m  [1m[34mSELECT "schema_migrations"."version" FROM "schema_migrations" ORDER BY "schema_migrations"."version" ASC[0m
Processing by Rails::WelcomeController#index as HTML
  Rendering /home/victor/.rvm/gems/ruby-2.7.0/gems/railties-7.0.3/lib/rails/templates/rails/welcome/index.html.erb
  Rendered /home/victor/.rvm/gems/ruby-2.7.0/gems/railties-7.0.3/lib/rails/templates/rails/welcome/index.html.erb (Duration: 1.5ms | Allocations: 562)
Completed 200 OK in 8ms (Views: 4.4ms | ActiveRecord: 0.0ms | Allocations: 2908)


Started GET "/players/" for 127.0.0.1 at 2022-05-29 21:17:29 -0300
Processing by PlayersController#index as HTML
  [1m[35m (0.0ms)[0m  [1m[34mSELECT sqlite_version(*)[0m
  ↳ app/controllers/players_controller.rb:9:in `index'
  [1m[36mPlayer Load (0.1ms)[0m  [1m[34mSELECT "players".* FROM "players"[0m
  ↳ app/controllers/players_controller.rb:9:in `index'
Completed 200 OK in 5ms (Views: 3.9ms | ActiveRecord: 0.7ms | Allocations: 3327)


Started GET "/players/" for 127.0.0.1 at 2022-05-29 21:17:51 -0300
Processing by PlayersController#index as HTML
  [1m[36mPlayer Load (0.1ms)[0m  [1m[34mSELECT "players".* FROM "players"[0m
  ↳ app/controllers/players_controller.rb:9:in `index'
Completed 200 OK in 2ms (Views: 1.3ms | ActiveRecord: 0.1ms | Allocations: 1087)


Started GET "/players/" for 127.0.0.1 at 2022-05-29 21:18:05 -0300
Processing by PlayersController#index as HTML
  [1m[36mPlayer Load (0.1ms)[0m  [1m[34mSELECT "players".* FROM "players"[0m
  ↳ app/controllers/players_controller.rb:9:in `index'
Completed 200 OK in 3ms (Views: 2.2ms | ActiveRecord: 0.1ms | Allocations: 1087)


Started GET "/players/" for 127.0.0.1 at 2022-05-29 21:18:15 -0300
Processing by PlayersController#index as HTML
  [1m[36mPlayer Load (0.1ms)[0m  [1m[34mSELECT "players".* FROM "players"[0m
  ↳ app/controllers/players_controller.rb:9:in `index'
Completed 200 OK in 2ms (Views: 1.8ms | ActiveRecord: 0.1ms | Allocations: 1087)


Started POST "/players" for 127.0.0.1 at 2022-05-29 21:19:23 -0300
Processing by PlayersController#create as HTML
  Parameters: {"name"=>"Kirk ", "last_name"=>"Hammett", "player"=>{"name"=>"Kirk ", "last_name"=>"Hammett"}}
[31mUnpermitted parameter: :player. Context: { controller: PlayersController, action: create, request: #<ActionDispatch::Request:0x00007fc7200dd5d8>, params: {"name"=>"Kirk ", "last_name"=>"Hammett", "controller"=>"players", "action"=>"create", "player"=>{"name"=>"Kirk ", "last_name"=>"Hammett"}} }[0m
  [1m[36mTRANSACTION (0.1ms)[0m  [1m[36mbegin transaction[0m
  ↳ app/controllers/players_controller.rb:18:in `render_response'
  [1m[36mPlayer Create (0.3ms)[0m  [1m[32mINSERT INTO "players" ("name", "last_name", "created_at", "updated_at") VALUES (?, ?, ?, ?)[0m  [["name", "Kirk "], ["last_name", "Hammett"], ["created_at", "2022-05-30 00:19:23.814333"], ["updated_at", "2022-05-30 00:19:23.814333"]]
  ↳ app/controllers/players_controller.rb:18:in `render_response'
  [1m[36mTRANSACTION (5.2ms)[0m  [1m[36mcommit transaction[0m
  ↳ app/controllers/players_controller.rb:18:in `render_response'
Completed 200 OK in 10ms (Views: 0.4ms | ActiveRecord: 5.6ms | Allocations: 1916)


  [1m[35m (0.3ms)[0m  [1m[34mSELECT sqlite_version(*)[0m
  [1m[36mActiveRecord::SchemaMigration Pluck (0.1ms)[0m  [1m[34mSELECT "schema_migrations"."version" FROM "schema_migrations" ORDER BY "schema_migrations"."version" ASC[0m
  [1m[36mActiveRecord::InternalMetadata Pluck (0.1ms)[0m  [1m[34mSELECT "ar_internal_metadata"."value" FROM "ar_internal_metadata" WHERE "ar_internal_metadata"."key" = ? LIMIT ?[0m  [["key", "environment"], ["LIMIT", 1]]
  [1m[36mActiveRecord::SchemaMigration Pluck (0.0ms)[0m  [1m[34mSELECT "schema_migrations"."version" FROM "schema_migrations" ORDER BY "schema_migrations"."version" ASC[0m
  [1m[36mActiveRecord::InternalMetadata Pluck (0.0ms)[0m  [1m[34mSELECT "ar_internal_metadata"."value" FROM "ar_internal_metadata" WHERE "ar_internal_metadata"."key" = ? LIMIT ?[0m  [["key", "environment"], ["LIMIT", 1]]
  [1m[36mActiveRecord::SchemaMigration Pluck (0.0ms)[0m  [1m[34mSELECT "schema_migrations"."version" FROM "schema_migrations" ORDER BY "schema_migrations"."version" ASC[0m
  [1m[36mActiveRecord::InternalMetadata Pluck (0.0ms)[0m  [1m[34mSELECT "ar_internal_metadata"."value" FROM "ar_internal_metadata" WHERE "ar_internal_metadata"."key" = ? LIMIT ?[0m  [["key", "environment"], ["LIMIT", 1]]
  [1m[35m (0.3ms)[0m  [1m[34mSELECT sqlite_version(*)[0m
  [1m[35m (0.0ms)[0m  [1m[34mSELECT sqlite_version(*)[0m
  [1m[35m (0.3ms)[0m  [1m[34mSELECT sqlite_version(*)[0m
  [1m[35m (6.2ms)[0m  [1m[35mCREATE TABLE "schema_migrations" ("version" varchar NOT NULL PRIMARY KEY)[0m
  [1m[35m (6.5ms)[0m  [1m[35mCREATE TABLE "ar_internal_metadata" ("key" varchar NOT NULL PRIMARY KEY, "value" varchar, "created_at" datetime(6) NOT NULL, "updated_at" datetime(6) NOT NULL)[0m
  [1m[36mActiveRecord::SchemaMigration Pluck (0.3ms)[0m  [1m[34mSELECT "schema_migrations"."version" FROM "schema_migrations" ORDER BY "schema_migrations"."version" ASC[0m
Migrating to CreatePlayers (20220528161201)
  [1m[36mTRANSACTION (0.1ms)[0m  [1m[36mbegin transaction[0m
  [1m[35m (0.7ms)[0m  [1m[35mCREATE TABLE "players" ("id" integer PRIMARY KEY AUTOINCREMENT NOT NULL, "name" varchar, "last_name" varchar, "created_at" datetime(6) NOT NULL, "updated_at" datetime(6) NOT NULL)[0m
  [1m[36mActiveRecord::SchemaMigration Create (0.2ms)[0m  [1m[32mINSERT INTO "schema_migrations" ("version") VALUES (?)[0m  [["version", "20220528161201"]]
  [1m[36mTRANSACTION (6.2ms)[0m  [1m[36mcommit transaction[0m
Migrating to CreateGames (20220528161837)
  [1m[36mTRANSACTION (0.1ms)[0m  [1m[36mbegin transaction[0m
  [1m[35m (0.3ms)[0m  [1m[35mCREATE TABLE "games" ("id" integer PRIMARY KEY AUTOINCREMENT NOT NULL, "token" varchar, "player_1_id" integer, "player_2_id" integer, "created_at" datetime(6) NOT NULL, "updated_at" datetime(6) NOT NULL)[0m
  [1m[36mActiveRecord::SchemaMigration Create (0.1ms)[0m  [1m[32mINSERT INTO "schema_migrations" ("version") VALUES (?)[0m  [["version", "20220528161837"]]
  [1m[36mTRANSACTION (5.9ms)[0m  [1m[36mcommit transaction[0m
  [1m[36mActiveRecord::InternalMetadata Load (0.2ms)[0m  [1m[34mSELECT "ar_internal_metadata".* FROM "ar_internal_metadata" WHERE "ar_internal_metadata"."key" = ? LIMIT ?[0m  [["key", "environment"], ["LIMIT", 1]]
  [1m[36mTRANSACTION (0.0ms)[0m  [1m[36mbegin transaction[0m
  [1m[36mActiveRecord::InternalMetadata Create (0.2ms)[0m  [1m[32mINSERT INTO "ar_internal_metadata" ("key", "value", "created_at", "updated_at") VALUES (?, ?, ?, ?)[0m  [["key", "environment"], ["value", "development"], ["created_at", "2022-05-30 00:19:55.730904"], ["updated_at", "2022-05-30 00:19:55.730904"]]
  [1m[36mTRANSACTION (4.5ms)[0m  [1m[36mcommit transaction[0m
  [1m[35m (0.1ms)[0m  [1m[34mSELECT sqlite_version(*)[0m
  [1m[36mActiveRecord::SchemaMigration Pluck (0.1ms)[0m  [1m[34mSELECT "schema_migrations"."version" FROM "schema_migrations" ORDER BY "schema_migrations"."version" ASC[0m
Started GET "/players/" for 127.0.0.1 at 2022-05-29 21:20:02 -0300
  [1m[35m (0.3ms)[0m  [1m[34mSELECT sqlite_version(*)[0m
  [1m[36mActiveRecord::SchemaMigration Pluck (0.1ms)[0m  [1m[34mSELECT "schema_migrations"."version" FROM "schema_migrations" ORDER BY "schema_migrations"."version" ASC[0m
Processing by PlayersController#index as HTML
  [1m[36mPlayer Load (0.1ms)[0m  [1m[34mSELECT "players".* FROM "players"[0m
  ↳ app/controllers/players_controller.rb:9:in `index'
Completed 200 OK in 3ms (Views: 0.6ms | ActiveRecord: 0.1ms | Allocations: 3267)


Started POST "/players" for 127.0.0.1 at 2022-05-29 21:20:08 -0300
Processing by PlayersController#create as HTML
  Parameters: {"name"=>"Victor ", "last_name"=>"Sanhueza", "player"=>{"name"=>"Victor ", "last_name"=>"Sanhueza"}}
[31mUnpermitted parameter: :player. Context: { controller: PlayersController, action: create, request: #<ActionDispatch::Request:0x00007fddf0c31ee8>, params: {"name"=>"Victor ", "last_name"=>"Sanhueza", "controller"=>"players", "action"=>"create", "player"=>{"name"=>"Victor ", "last_name"=>"Sanhueza"}} }[0m
  [1m[36mTRANSACTION (0.1ms)[0m  [1m[36mbegin transaction[0m
  ↳ app/controllers/players_controller.rb:18:in `render_response'
  [1m[36mPlayer Create (0.5ms)[0m  [1m[32mINSERT INTO "players" ("name", "last_name", "created_at", "updated_at") VALUES (?, ?, ?, ?)[0m  [["name", "Victor "], ["last_name", "Sanhueza"], ["created_at", "2022-05-30 00:20:08.160401"], ["updated_at", "2022-05-30 00:20:08.160401"]]
  ↳ app/controllers/players_controller.rb:18:in `render_response'
  [1m[36mTRANSACTION (5.4ms)[0m  [1m[36mcommit transaction[0m
  ↳ app/controllers/players_controller.rb:18:in `render_response'
Completed 200 OK in 28ms (Views: 0.4ms | ActiveRecord: 7.6ms | Allocations: 6605)


Started POST "/players" for 127.0.0.1 at 2022-05-29 21:20:36 -0300
Processing by PlayersController#create as HTML
  Parameters: {"name"=>"James ", "last_name"=>"Hetfield", "player"=>{"name"=>"James ", "last_name"=>"Hetfield"}}
[31mUnpermitted parameter: :player. Context: { controller: PlayersController, action: create, request: #<ActionDispatch::Request:0x00007fdde091e8d8>, params: {"name"=>"James ", "last_name"=>"Hetfield", "controller"=>"players", "action"=>"create", "player"=>{"name"=>"James ", "last_name"=>"Hetfield"}} }[0m
  [1m[36mTRANSACTION (0.1ms)[0m  [1m[36mbegin transaction[0m
  ↳ app/controllers/players_controller.rb:18:in `render_response'
  [1m[36mPlayer Create (0.6ms)[0m  [1m[32mINSERT INTO "players" ("name", "last_name", "created_at", "updated_at") VALUES (?, ?, ?, ?)[0m  [["name", "James "], ["last_name", "Hetfield"], ["created_at", "2022-05-30 00:20:36.711018"], ["updated_at", "2022-05-30 00:20:36.711018"]]
  ↳ app/controllers/players_controller.rb:18:in `render_response'
  [1m[36mTRANSACTION (4.7ms)[0m  [1m[36mcommit transaction[0m
  ↳ app/controllers/players_controller.rb:18:in `render_response'
Completed 200 OK in 15ms (Views: 0.7ms | ActiveRecord: 5.4ms | Allocations: 1920)


Started POST "/players" for 127.0.0.1 at 2022-05-29 21:21:23 -0300
Processing by PlayersController#create as HTML
  Parameters: {"name"=>"Kirk", "last_name"=>"Hammett", "player"=>{"name"=>"Kirk", "last_name"=>"Hammett"}}
[31mUnpermitted parameter: :player. Context: { controller: PlayersController, action: create, request: #<ActionDispatch::Request:0x00007fddf0b4e4e0>, params: {"name"=>"Kirk", "last_name"=>"Hammett", "controller"=>"players", "action"=>"create", "player"=>{"name"=>"Kirk", "last_name"=>"Hammett"}} }[0m
  [1m[36mTRANSACTION (0.1ms)[0m  [1m[36mbegin transaction[0m
  ↳ app/controllers/players_controller.rb:18:in `render_response'
  [1m[36mPlayer Create (0.4ms)[0m  [1m[32mINSERT INTO "players" ("name", "last_name", "created_at", "updated_at") VALUES (?, ?, ?, ?)[0m  [["name", "Kirk"], ["last_name", "Hammett"], ["created_at", "2022-05-30 00:21:23.012947"], ["updated_at", "2022-05-30 00:21:23.012947"]]
  ↳ app/controllers/players_controller.rb:18:in `render_response'
  [1m[36mTRANSACTION (5.7ms)[0m  [1m[36mcommit transaction[0m
  ↳ app/controllers/players_controller.rb:18:in `render_response'
Completed 200 OK in 12ms (Views: 0.5ms | ActiveRecord: 6.2ms | Allocations: 1920)


Started POST "/games" for ::1 at 2022-05-29 21:22:12 -0300
  
ActionController::RoutingError (No route matches [POST] "/games"):
  
Started GET "/games" for ::1 at 2022-05-29 21:22:16 -0300
  
ActionController::RoutingError (No route matches [GET] "/games"):
  
Started GET "/games" for ::1 at 2022-05-29 21:23:37 -0300
  [1m[35m (0.3ms)[0m  [1m[34mSELECT sqlite_version(*)[0m
  [1m[36mActiveRecord::SchemaMigration Pluck (0.1ms)[0m  [1m[34mSELECT "schema_migrations"."version" FROM "schema_migrations" ORDER BY "schema_migrations"."version" ASC[0m
Processing by GamesController#index as */*
  [1m[36mPlayer Load (0.1ms)[0m  [1m[34mSELECT "players".* FROM "players"[0m
  ↳ app/controllers/games_controller.rb:9:in `index'
Completed 200 OK in 8ms (Views: 4.7ms | ActiveRecord: 0.4ms | Allocations: 8018)


Started GET "/games" for ::1 at 2022-05-29 21:24:01 -0300
Processing by GamesController#index as */*
  [1m[35m (0.1ms)[0m  [1m[34mSELECT sqlite_version(*)[0m
  ↳ app/controllers/games_controller.rb:9:in `index'
  [1m[36mGame Load (0.1ms)[0m  [1m[34mSELECT "games".* FROM "games"[0m
  ↳ app/controllers/games_controller.rb:9:in `index'
Completed 200 OK in 3ms (Views: 1.7ms | ActiveRecord: 0.3ms | Allocations: 1683)


Started GET "/games" for ::1 at 2022-05-29 21:24:10 -0300
Processing by GamesController#index as */*
  [1m[36mGame Load (0.1ms)[0m  [1m[34mSELECT "games".* FROM "games"[0m
  ↳ app/controllers/games_controller.rb:9:in `index'
Completed 200 OK in 1ms (Views: 0.6ms | ActiveRecord: 0.1ms | Allocations: 659)


Started POST "/players" for 127.0.0.1 at 2022-05-29 21:24:34 -0300
Processing by PlayersController#create as HTML
  Parameters: {"name"=>"Robert", "last_name"=>"Trujillo", "player"=>{"name"=>"Robert", "last_name"=>"Trujillo"}}
[31mUnpermitted parameter: :player. Context: { controller: PlayersController, action: create, request: #<ActionDispatch::Request:0x00007fa2f0818540>, params: {"name"=>"Robert", "last_name"=>"Trujillo", "controller"=>"players", "action"=>"create", "player"=>{"name"=>"Robert", "last_name"=>"Trujillo"}} }[0m
  [1m[36mTRANSACTION (0.1ms)[0m  [1m[36mbegin transaction[0m
  ↳ app/controllers/players_controller.rb:18:in `render_response'
  [1m[36mPlayer Create (0.3ms)[0m  [1m[32mINSERT INTO "players" ("name", "last_name", "created_at", "updated_at") VALUES (?, ?, ?, ?)[0m  [["name", "Robert"], ["last_name", "Trujillo"], ["created_at", "2022-05-30 00:24:34.530938"], ["updated_at", "2022-05-30 00:24:34.530938"]]
  ↳ app/controllers/players_controller.rb:18:in `render_response'
  [1m[36mTRANSACTION (5.2ms)[0m  [1m[36mcommit transaction[0m
  ↳ app/controllers/players_controller.rb:18:in `render_response'
Completed 200 OK in 16ms (Views: 0.4ms | ActiveRecord: 7.6ms | Allocations: 3454)


Started GET "/games" for ::1 at 2022-05-29 21:25:01 -0300
Processing by GamesController#index as */*
  [1m[36mGame Load (0.1ms)[0m  [1m[34mSELECT "games".* FROM "games"[0m
  ↳ app/controllers/games_controller.rb:9:in `index'
Completed 200 OK in 1ms (Views: 0.6ms | ActiveRecord: 0.1ms | Allocations: 645)


Started POST "/players" for 127.0.0.1 at 2022-05-29 21:28:00 -0300
  [1m[35m (0.4ms)[0m  [1m[34mSELECT sqlite_version(*)[0m
  [1m[36mActiveRecord::SchemaMigration Pluck (0.1ms)[0m  [1m[34mSELECT "schema_migrations"."version" FROM "schema_migrations" ORDER BY "schema_migrations"."version" ASC[0m
Processing by PlayersController#create as HTML
  Parameters: {"name"=>"Lars", "last_name"=>"Ulrich", "player"=>{"name"=>"Lars", "last_name"=>"Ulrich"}}
[31mUnpermitted parameter: :player. Context: { controller: PlayersController, action: create, request: #<ActionDispatch::Request:0x000055ff1618fea0>, params: {"name"=>"Lars", "last_name"=>"Ulrich", "controller"=>"players", "action"=>"create", "player"=>{"name"=>"Lars", "last_name"=>"Ulrich"}} }[0m
  [1m[36mTRANSACTION (0.0ms)[0m  [1m[36mbegin transaction[0m
  ↳ app/controllers/players_controller.rb:18:in `render_response'
  [1m[36mPlayer Create (0.1ms)[0m  [1m[32mINSERT INTO "players" ("name", "last_name", "created_at", "updated_at") VALUES (?, ?, ?, ?)[0m  [["name", "Lars"], ["last_name", "Ulrich"], ["created_at", "2022-05-30 00:28:00.166857"], ["updated_at", "2022-05-30 00:28:00.166857"]]
  ↳ app/controllers/players_controller.rb:18:in `render_response'
  [1m[36mTRANSACTION (5.2ms)[0m  [1m[36mcommit transaction[0m
  ↳ app/controllers/players_controller.rb:18:in `render_response'
Completed 200 OK in 14ms (Views: 0.8ms | ActiveRecord: 5.7ms | Allocations: 8848)


